<?xml version="1.0" encoding="UTF-8" ?>
<testsuite errors="0" failures="0" hostname="wpi-egreer" name="cs4233.hw2.WoodTest" tests="1" time="0.0" timestamp="2008-09-11T04:55:06">
  <properties>
    <property name="ant.file.Rick" value="C:\Documents and Settings\Eric Greer\workspace\HW2-A08-EGJC\Build.xml" />
    <property name="java.runtime.name" value="Java(TM) SE Runtime Environment" />
    <property name="sun.boot.library.path" value="C:\Program Files\Java\jdk1.6.0_06\jre\bin" />
    <property name="java.vm.version" value="10.0-b22" />
    <property name="ant.library.dir" value="C:\Program Files\Eclipse\plugins\org.apache.ant_1.6.5\lib" />
    <property name="ant.version" value="Apache Ant version 1.7.0 compiled on December 13 2006" />
    <property name="ant.java.version" value="1.6" />
    <property name="java.vm.vendor" value="Sun Microsystems Inc." />
    <property name="java.vendor.url" value="http://java.sun.com/" />
    <property name="path.separator" value=";" />
    <property name="java.vm.name" value="Java HotSpot(TM) Client VM" />
    <property name="file.encoding.pkg" value="sun.io" />
    <property name="user.country" value="US" />
    <property name="sun.java.launcher" value="SUN_STANDARD" />
    <property name="sun.os.patch.level" value="Service Pack 3" />
    <property name="java.vm.specification.name" value="Java Virtual Machine Specification" />
    <property name="user.dir" value="C:\Documents and Settings\Eric Greer\workspace\HW2-A08-EGJC" />
    <property name="java.runtime.version" value="1.6.0_06-b02" />
    <property name="java.awt.graphicsenv" value="sun.awt.Win32GraphicsEnvironment" />
    <property name="eclipse.pdebuild.scripts" value="/C:/Program Files/Eclipse/plugins/org.eclipse.pde.build_3.2.1.r321_v20060823/scripts/" />
    <property name="basedir" value="C:\Documents and Settings\Eric Greer\workspace\HW2-A08-EGJC" />
    <property name="java.endorsed.dirs" value="C:\Program Files\Java\jdk1.6.0_06\jre\lib\endorsed" />
    <property name="os.arch" value="x86" />
    <property name="java.io.tmpdir" value="C:\DOCUME~1\ERICGR~1\LOCALS~1\Temp\" />
    <property name="ant.core.lib" value="C:\Program Files\Eclipse\plugins\org.apache.ant_1.7.0.v200706080842\lib\ant.jar" />
    <property name="line.separator" value="
" />
    <property name="java.vm.specification.vendor" value="Sun Microsystems Inc." />
    <property name="user.variant" value="" />
    <property name="os.name" value="Windows XP" />
    <property name="ant.home" value="C:\Program Files\Eclipse\plugins\org.apache.ant_1.6.5" />
    <property name="eclipse.pdebuild.templates" value="/C:/Program Files/Eclipse/plugins/org.eclipse.pde.build_3.2.1.r321_v20060823/templates/" />
    <property name="ant.project.name" value="Rick" />
    <property name="sun.jnu.encoding" value="Cp1252" />
    <property name="java.library.path" value="C:\Program Files\Eclipse;.;C:\WINDOWS\Sun\Java\bin;C:\WINDOWS\system32;C:\WINDOWS;C:\Program Files\Java\jre1.6.0_06\bin\client;C:\Program Files\Java\jre1.6.0_06\bin;C:\Pearl\bin;c:\Programs Files\Pearl\bin;C:\WINDOWS\system32;C:\WINDOWS;C:\WINDOWS\System32\Wbem;C:\Program Files\Common Files\Roxio Shared\DLLShared;C:\Program Files\QuickTime\QTSystem\;E:\My Documents\Launcher;C:\Program Files\Eclipse\configuration\org.eclipse.osgi\bundles\236\1\.cp" />
    <property name="eclipse.pdebuild.home" value="/C:/Program Files/Eclipse/plugins/org.eclipse.pde.build_3.2.1.r321_v20060823/./" />
    <property name="java.specification.name" value="Java Platform API Specification" />
    <property name="java.class.version" value="50.0" />
    <property name="sun.management.compiler" value="HotSpot Client Compiler" />
    <property name="os.version" value="5.1" />
    <property name="ant.file" value="C:\Documents and Settings\Eric Greer\workspace\HW2-A08-EGJC\Build.xml" />
    <property name="user.home" value="C:\Documents and Settings\Eric Greer" />
    <property name="user.timezone" value="" />
    <property name="java.awt.printerjob" value="sun.awt.windows.WPrinterJob" />
    <property name="java.specification.version" value="1.6" />
    <property name="file.encoding" value="Cp1252" />
    <property name="user.name" value="Eric Greer" />
    <property name="java.class.path" value="C:\Program Files\Eclipse\plugins\org.apache.ant_1.7.0.v200706080842\lib\ant-weblogic.jar;C:\Program Files\Eclipse\plugins\org.apache.ant_1.7.0.v200706080842\lib\ant.jar;C:\Program Files\Eclipse\plugins\org.apache.ant_1.7.0.v200706080842\lib\ant-antlr.jar;C:\Program Files\Eclipse\plugins\org.apache.ant_1.7.0.v200706080842\lib\ant-apache-bcel.jar;C:\Program Files\Eclipse\plugins\org.apache.ant_1.7.0.v200706080842\lib\ant-apache-bsf.jar;C:\Program Files\Eclipse\plugins\org.apache.ant_1.7.0.v200706080842\lib\ant-apache-log4j.jar;C:\Program Files\Eclipse\plugins\org.apache.ant_1.7.0.v200706080842\lib\ant-apache-oro.jar;C:\Program Files\Eclipse\plugins\org.apache.ant_1.7.0.v200706080842\lib\ant-apache-regexp.jar;C:\Program Files\Eclipse\plugins\org.apache.ant_1.7.0.v200706080842\lib\ant-apache-resolver.jar;C:\Program Files\Eclipse\plugins\org.apache.ant_1.7.0.v200706080842\lib\ant-commons-logging.jar;C:\Program Files\Eclipse\plugins\org.apache.ant_1.7.0.v200706080842\lib\ant-commons-net.jar;C:\Program Files\Eclipse\plugins\org.apache.ant_1.7.0.v200706080842\lib\ant-jai.jar;C:\Program Files\Eclipse\plugins\org.apache.ant_1.7.0.v200706080842\lib\ant-javamail.jar;C:\Program Files\Eclipse\plugins\org.apache.ant_1.7.0.v200706080842\lib\ant-jdepend.jar;C:\Program Files\Eclipse\plugins\org.apache.ant_1.7.0.v200706080842\lib\ant-jmf.jar;C:\Program Files\Eclipse\plugins\org.apache.ant_1.7.0.v200706080842\lib\ant-jsch.jar;C:\Program Files\Eclipse\plugins\org.apache.ant_1.7.0.v200706080842\lib\ant-junit.jar;C:\Program Files\Eclipse\plugins\org.apache.ant_1.7.0.v200706080842\lib\ant-launcher.jar;C:\Program Files\Eclipse\plugins\org.apache.ant_1.7.0.v200706080842\lib\ant-netrexx.jar;C:\Program Files\Eclipse\plugins\org.apache.ant_1.7.0.v200706080842\lib\ant-nodeps.jar;C:\Program Files\Eclipse\plugins\org.apache.ant_1.7.0.v200706080842\lib\ant-starteam.jar;C:\Program Files\Eclipse\plugins\org.apache.ant_1.7.0.v200706080842\lib\ant-stylebook.jar;C:\Program Files\Eclipse\plugins\org.apache.ant_1.7.0.v200706080842\lib\ant-swing.jar;C:\Program Files\Eclipse\plugins\org.apache.ant_1.7.0.v200706080842\lib\ant-trax.jar;C:\Program Files\Eclipse\configuration\org.eclipse.osgi\bundles\136\1\.cp\lib\remoteAnt.jar;C:\Program Files\Java\jdk1.6.0_06\lib\tools.jar;C:\Program Files\Eclipse\plugins\org.eclipse.swt.win32.win32.x86_3.3.3.v3349.jar" />
    <property name="java.vm.specification.version" value="1.0" />
    <property name="sun.arch.data.model" value="32" />
    <property name="java.home" value="C:\Program Files\Java\jdk1.6.0_06\jre" />
    <property name="java.specification.vendor" value="Sun Microsystems Inc." />
    <property name="user.language" value="en" />
    <property name="awt.toolkit" value="sun.awt.windows.WToolkit" />
    <property name="java.vm.info" value="mixed mode, sharing" />
    <property name="java.version" value="1.6.0_06" />
    <property name="java.ext.dirs" value="C:\Program Files\Java\jdk1.6.0_06\jre\lib\ext;C:\WINDOWS\Sun\Java\lib\ext" />
    <property name="sun.boot.class.path" value="C:\Program Files\Java\jdk1.6.0_06\jre\lib\resources.jar;C:\Program Files\Java\jdk1.6.0_06\jre\lib\rt.jar;C:\Program Files\Java\jdk1.6.0_06\jre\lib\sunrsasign.jar;C:\Program Files\Java\jdk1.6.0_06\jre\lib\jsse.jar;C:\Program Files\Java\jdk1.6.0_06\jre\lib\jce.jar;C:\Program Files\Java\jdk1.6.0_06\jre\lib\charsets.jar;C:\Program Files\Java\jdk1.6.0_06\jre\classes" />
    <property name="java.vendor" value="Sun Microsystems Inc." />
    <property name="file.separator" value="\" />
    <property name="java.vendor.url.bug" value="http://java.sun.com/cgi-bin/bugreport.cgi" />
    <property name="sun.io.unicode.encoding" value="UnicodeLittle" />
    <property name="sun.cpu.endian" value="little" />
    <property name="sun.desktop" value="windows" />
    <property name="sun.cpu.isalist" value="" />
  </properties>
  <testcase classname="cs4233.hw2.WoodTest" name="testToString" time="0.0" />
  <system-out><![CDATA[]]></system-out>
  <system-err><![CDATA[]]></system-err>
</testsuite>
